e: file:///home/runner/work/KernelSU/KernelSU/manager/app/src/main/java/me/weishu/kernelsu/ui/component/BottomBar.kt:53:14 Unresolved reference 'clip'.

e: file:///home/runner/work/KernelSU/KernelSU/manager/app/src/main/java/me/weishu/kernelsu/ui/screen/AppProfile.kt:271:13 No parameter with name 'shape' found.
e: file:///home/runner/work/KernelSU/KernelSU/manager/app/src/main/java/me/weishu/kernelsu/ui/screen/AppProfile.kt:272:13 No parameter with name 'elevation' found.
> Task :app:compileReleaseKotlin FAILED
e: file:///home/runner/work/KernelSU/KernelSU/manager/app/src/main/java/me/weishu/kernelsu/ui/screen/AppProfile.kt:272:38 Unresolved reference 'cardElevation'.
e: file:///home/runner/work/KernelSU/KernelSU/manager/app/src/main/java/me/weishu/kernelsu/ui/screen/AppProfile.kt:370:13 No parameter with name 'shape' found.
e: file:///home/runner/work/KernelSU/KernelSU/manager/app/src/main/java/me/weishu/kernelsu/ui/screen/AppProfile.kt:371:13 No parameter with name 'elevation' found.
e: file:///home/runner/work/KernelSU/KernelSU/manager/app/src/main/java/me/weishu/kernelsu/ui/screen/AppProfile.kt:371:38 Unresolved reference 'cardElevation'.
e: file:///home/runner/work/KernelSU/KernelSU/manager/app/src/main/java/me/weishu/kernelsu/ui/screen/AppProfile.kt:459:25 No parameter with name 'shape' found.
e: file:///home/runner/work/KernelSU/KernelSU/manager/app/src/main/java/me/weishu/kernelsu/ui/screen/AppProfile.kt:460:17 No parameter with name 'elevation' found.
e: file:///home/runner/work/KernelSU/KernelSU/manager/app/src/main/java/me/weishu/kernelsu/ui/screen/AppProfile.kt:460:42 Unresolved reference 'cardElevation'.
e: file:///home/runner/work/KernelSU/KernelSU/manager/app/src/main/java/me/weishu/kernelsu/ui/screen/AppProfile.kt:497:17 No parameter with name 'shape' found.
e: file:///home/runner/work/KernelSU/KernelSU/manager/app/src/main/java/me/weishu/kernelsu/ui/screen/AppProfile.kt:498:17 No parameter with name 'elevation' found.
e: file:///home/runner/work/KernelSU/KernelSU/manager/app/src/main/java/me/weishu/kernelsu/ui/screen/AppProfile.kt:498:42 Unresolved reference 'cardElevation'.
e: file:///home/runner/work/KernelSU/KernelSU/manager/app/src/main/java/me/weishu/kernelsu/ui/screen/AppProfile.kt:525:21 No parameter with name 'shape' found.
e: file:///home/runner/work/KernelSU/KernelSU/manager/app/src/main/java/me/weishu/kernelsu/ui/screen/AppProfile.kt:526:21 No parameter with name 'elevation' found.
e: file:///home/runner/work/KernelSU/KernelSU/manager/app/src/main/java/me/weishu/kernelsu/ui/screen/AppProfile.kt:526:46 Unresolved reference 'cardElevation'.
e: file:///home/runner/work/KernelSU/KernelSU/manager/app/src/main/java/me/weishu/kernelsu/ui/screen/AppProfile.kt:670:9 No parameter with name 'shape' found.
e: file:///home/runner/work/KernelSU/KernelSU/manager/app/src/main/java/me/weishu/kernelsu/ui/screen/AppProfile.kt:671:9 No parameter with name 'elevation' found.
e: file:///home/runner/work/KernelSU/KernelSU/manager/app/src/main/java/me/weishu/kernelsu/ui/screen/AppProfile.kt:671:34 Unresolved reference 'cardElevation'.
e: file:///home/runner/work/KernelSU/KernelSU/manager/app/src/main/java/me/weishu/kernelsu/ui/screen/Home.kt:204:21 Unresolved reference 'InfoCard'.
e: file:///home/runner/work/KernelSU/KernelSU/manager/app/src/main/java/me/weishu/kernelsu/ui/screen/Home.kt:205:21 Unresolved reference 'DonateCard'.
e: file:///home/runner/work/KernelSU/KernelSU/manager/app/src/main/java/me/weishu/kernelsu/ui/screen/Home.kt:206:21 Unresolved reference 'LearnMoreCard'.
e: file:///home/runner/work/KernelSU/KernelSU/manager/app/src/main/java/me/weishu/kernelsu/ui/screen/Home.kt:226:30 Unresolved reference 'getManagerVersion'.
e: file:///home/runner/work/KernelSU/KernelSU/manager/app/src/main/java/me/weishu/kernelsu/ui/screen/Home.kt:315:32 Destructuring of type 'Boolean' requires operator function 'component1()'.
e: file:///home/runner/work/KernelSU/KernelSU/manager/app/src/main/java/me/weishu/kernelsu/ui/screen/Home.kt:315:32 Destructuring of type 'Boolean' requires operator function 'component2()'.
e: file:///home/runner/work/KernelSU/KernelSU/manager/app/src/main/java/me/weishu/kernelsu/ui/screen/Home.kt:321:35 Unresolved reference 'TopAppBarDefaults'.
e: file:///home/runner/work/KernelSU/KernelSU/manager/app/src/main/java/me/weishu/kernelsu/ui/screen/Home.kt:321:74 Unresolved reference 'rememberTopAppBarState'.
e: file:///home/runner/work/KernelSU/KernelSU/manager/app/src/main/java/me/weishu/kernelsu/ui/screen/Home.kt:327:29 Unresolved reference 'StatusCardHazeState'.
e: file:///home/runner/work/KernelSU/KernelSU/manager/app/src/main/java/me/weishu/kernelsu/ui/screen/Home.kt:327:50 Unresolved reference 'StatusCardHazeStyle'.
e: file:///home/runner/work/KernelSU/KernelSU/manager/app/src/main/java/me/weishu/kernelsu/ui/screen/Home.kt:328:18 Unresolved reference 'clickable'.
e: file:///home/runner/work/KernelSU/KernelSU/manager/app/src/main/java/me/weishu/kernelsu/ui/screen/Home.kt:328:67 Cannot infer type for type parameter 'T'. Specify it explicitly.
e: file:///home/runner/work/KernelSU/KernelSU/manager/app/src/main/java/me/weishu/kernelsu/ui/screen/Home.kt:328:78 Unresolved reference 'MutableInteractionSource'.
e: file:///home/runner/work/KernelSU/KernelSU/manager/app/src/main/java/me/weishu/kernelsu/ui/screen/Home.kt:329:23 Unresolved reference 'MaterialTheme'.
e: file:///home/runner/work/KernelSU/KernelSU/manager/app/src/main/java/me/weishu/kernelsu/ui/screen/Home.kt:411:25 None of the following candidates is applicable:
fun Card(modifier: Modifier = ..., cornerRadius: Dp = ..., insideMargin: PaddingValues = ..., colors: CardColors = ..., content: ComposableFunction1<ColumnScope, Unit>): Unit
fun Card(modifier: Modifier = ..., cornerRadius: Dp = ..., insideMargin: PaddingValues = ..., colors: CardColors = ..., pressFeedbackType: PressFeedbackType = ..., showIndication: Boolean? = ..., onClick: (() -> Unit)? = ..., onLongPress: (() -> Unit)? = ..., content: ComposableFunction1<ColumnScope, Unit>): Unit
e: file:///home/runner/work/KernelSU/KernelSU/manager/app/src/main/java/me/weishu/kernelsu/ui/screen/Home.kt:416:54 Unresolved reference 'cardElevation'.
e: file:///home/runner/work/KernelSU/KernelSU/manager/app/src/main/java/me/weishu/kernelsu/ui/screen/Home.kt:422:29 @Composable invocations can only happen from the context of a @Composable function
e: file:///home/runner/work/KernelSU/KernelSU/manager/app/src/main/java/me/weishu/kernelsu/ui/screen/Home.kt:443:25 None of the following candidates is applicable:
fun Card(modifier: Modifier = ..., cornerRadius: Dp = ..., insideMargin: PaddingValues = ..., colors: CardColors = ..., content: ComposableFunction1<ColumnScope, Unit>): Unit
fun Card(modifier: Modifier = ..., cornerRadius: Dp = ..., insideMargin: PaddingValues = ..., colors: CardColors = ..., pressFeedbackType: PressFeedbackType = ..., showIndication: Boolean? = ..., onClick: (() -> Unit)? = ..., onLongPress: (() -> Unit)? = ..., content: ComposableFunction1<ColumnScope, Unit>): Unit
e: file:///home/runner/work/KernelSU/KernelSU/manager/app/src/main/java/me/weishu/kernelsu/ui/screen/Home.kt:448:54 Unresolved reference 'cardElevation'.
e: file:///home/runner/work/KernelSU/KernelSU/manager/app/src/main/java/me/weishu/kernelsu/ui/screen/Home.kt:454:29 @Composable invocations can only happen from the context of a @Composable function
e: file:///home/runner/work/KernelSU/KernelSU/manager/app/src/main/java/me/weishu/kernelsu/ui/screen/Home.kt:551:14 Unresolved reference 'clip'.
e: file:///home/runner/work/KernelSU/KernelSU/manager/app/src/main/java/me/weishu/kernelsu/ui/screen/Home.kt:551:19 Unresolved reference 'MaterialTheme'.
e: file:///home/runner/work/KernelSU/KernelSU/manager/app/src/main/java/me/weishu/kernelsu/ui/screen/Home.kt:554:9 'val' cannot be reassigned.
e: file:///home/runner/work/KernelSU/KernelSU/manager/app/src/main/java/me/weishu/kernelsu/ui/screen/Home.kt:556:10 Syntax error: Unexpected tokens (use ';' to separate expressions on the same line).
e: file:///home/runner/work/KernelSU/KernelSU/manager/app/src/main/java/me/weishu/kernelsu/ui/screen/Home.kt:557:9 Unresolved reference 'colors'.
e: file:///home/runner/work/KernelSU/KernelSU/manager/app/src/main/java/me/weishu/kernelsu/ui/screen/Home.kt:563:10 Syntax error: Unexpected tokens (use ';' to separate expressions on the same line).
e: file:///home/runner/work/KernelSU/KernelSU/manager/app/src/main/java/me/weishu/kernelsu/ui/screen/Home.kt:564:9 Unresolved reference 'showIndication'.
e: file:///home/runner/work/KernelSU/KernelSU/manager/app/src/main/java/me/weishu/kernelsu/ui/screen/Home.kt:564:41 Syntax error: Unexpected tokens (use ';' to separate expressions on the same line).
e: file:///home/runner/work/KernelSU/KernelSU/manager/app/src/main/java/me/weishu/kernelsu/ui/screen/Home.kt:565:9 Unresolved reference 'pressFeedbackType'.
e: file:///home/runner/work/KernelSU/KernelSU/manager/app/src/main/java/me/weishu/kernelsu/ui/screen/Home.kt:566:5 Syntax error: Expecting an element.
e: file:///home/runner/work/KernelSU/KernelSU/manager/app/src/main/java/me/weishu/kernelsu/ui/screen/Home.kt:567:9 @Composable invocations can only happen from the context of a @Composable function
e: file:///home/runner/work/KernelSU/KernelSU/manager/app/src/main/java/me/weishu/kernelsu/ui/screen/Home.kt:646:1 Modifier 'private' is not applicable to 'local function'.
e: file:///home/runner/work/KernelSU/KernelSU/manager/app/src/main/java/me/weishu/kernelsu/ui/screen/Home.kt:699:2 Syntax error: Expecting '}'.
e: file:///home/runner/work/KernelSU/KernelSU/manager/app/src/main/java/me/weishu/kernelsu/ui/util/LogEvent.kt:8:37 Unresolved reference 'getManagerVersion'.
e: file:///home/runner/work/KernelSU/KernelSU/manager/app/src/main/java/me/weishu/kernelsu/ui/util/LogEvent.kt:81:34 Unresolved reference 'getManagerVersion'.

gradle/actions: Writing build results to /home/runner/work/_temp/.gradle-actions/build-results/__run_3-1765446289455.json

[Incubating] Problems report is available at: file:///home/runner/work/KernelSU/KernelSU/manager/build/reports/problems/problems-report.html
FAILURE: Build failed with an exception.

* What went wrong:
Execution failed for task ':app:compileReleaseKotlin'.
> A failure occurred while executing org.jetbrains.kotlin.compilerRunner.GradleCompilerRunnerWithWorkers$GradleKotlinCompilerWorkAction
   > Compilation error. See log for more details

* Try:
> Run with --stacktrace option to get the stack trace.
> Run with --info or --debug option to get more log output.
> Run with --scan to generate a Build Scan (powered by Develocity).
> Get more help at https://help.gradle.org.


BUILD FAILED in 59s
Deprecated Gradle features were used in this build, making it incompatible with Gradle 10.

You can use '--warning-mode all' to show the individual deprecation warnings and determine if they come from your own scripts or plugins.

For more on this, please refer to https://docs.gradle.org/9.2.0/userguide/command_line_interface.html#sec:command_line_warnings in the Gradle documentation.
48 actionable tasks: 47 executed, 1 up-to-date
Error: Process completed with exit code 1.